# JRE version: Java(TM) SE Runtime Environment (11.0.2+9) (build 11.0.2+9-LTS)
# Java VM: Java HotSpot(TM) 64-Bit Server VM (11.0.2+9-LTS, mixed mode, tiered, compressed oops, g1 gc, windows-amd64)
Heap:
 garbage-first heap   total 157696K, used 107772K [0x0000000081a00000, 0x0000000100000000)
  region size 1024K, 81 young (82944K), 7 survivors (7168K)
 Metaspace       used 39843K, capacity 41419K, committed 41520K, reserved 1085440K
  class space    used 5012K, capacity 5678K, committed 5760K, reserved 1048576K
GC Heap History (10 events):
Event: 3.204 GC heap before
{Heap before GC invocations=3 (full 0):
 garbage-first heap   total 131072K, used 56806K [0x0000000081a00000, 0x0000000100000000)
  region size 1024K, 54 young (55296K), 8 survivors (8192K)
 Metaspace       used 31820K, capacity 33303K, committed 33328K, reserved 1077248K
  class space    used 4329K, capacity 4968K, committed 4992K, reserved 1048576K
}
Event: 3.225 GC heap after
{Heap after GC invocations=4 (full 0):
 garbage-first heap   total 131072K, used 17128K [0x0000000081a00000, 0x0000000100000000)
  region size 1024K, 7 young (7168K), 7 survivors (7168K)
 Metaspace       used 31820K, capacity 33303K, committed 33328K, reserved 1077248K
  class space    used 4329K, capacity 4968K, committed 4992K, reserved 1048576K
}
Event: 3.610 GC heap before
{Heap before GC invocations=4 (full 0):
 garbage-first heap   total 131072K, used 21224K [0x0000000081a00000, 0x0000000100000000)
  region size 1024K, 12 young (12288K), 7 survivors (7168K)
 Metaspace       used 34209K, capacity 35739K, committed 35888K, reserved 1079296K
  class space    used 4625K, capacity 5248K, committed 5248K, reserved 1048576K
}
Event: 3.620 GC heap after
{Heap after GC invocations=5 (full 0):
 garbage-first heap   total 131072K, used 18547K [0x0000000081a00000, 0x0000000100000000)
  region size 1024K, 2 young (2048K), 2 survivors (2048K)
 Metaspace       used 34209K, capacity 35739K, committed 35888K, reserved 1079296K
  class space    used 4625K, capacity 5248K, committed 5248K, reserved 1048576K
}
Event: 213.538 GC heap before
{Heap before GC invocations=6 (full 0):
 garbage-first heap   total 131072K, used 64627K [0x0000000081a00000, 0x0000000100000000)
  region size 1024K, 47 young (48128K), 2 survivors (2048K)
 Metaspace       used 37989K, capacity 39531K, committed 39856K, reserved 1083392K
  class space    used 4904K, capacity 5561K, committed 5632K, reserved 1048576K
}
Event: 213.551 GC heap after
{Heap after GC invocations=7 (full 0):
 garbage-first heap   total 157696K, used 27205K [0x0000000081a00000, 0x0000000100000000)
  region size 1024K, 6 young (6144K), 6 survivors (6144K)
 Metaspace       used 37989K, capacity 39531K, committed 39856K, reserved 1083392K
  class space    used 4904K, capacity 5561K, committed 5632K, reserved 1048576K
}
Event: 216.935 GC heap before
{Heap before GC invocations=7 (full 0):
 garbage-first heap   total 157696K, used 58949K [0x0000000081a00000, 0x0000000100000000)
  region size 1024K, 37 young (37888K), 6 survivors (6144K)
 Metaspace       used 38080K, capacity 39596K, committed 39856K, reserved 1083392K
  class space    used 4904K, capacity 5561K, committed 5632K, reserved 1048576K
}
Event: 216.947 GC heap after
{Heap after GC invocations=8 (full 0):
 garbage-first heap   total 157696K, used 30703K [0x0000000081a00000, 0x0000000100000000)
  region size 1024K, 5 young (5120K), 5 survivors (5120K)
 Metaspace       used 38080K, capacity 39596K, committed 39856K, reserved 1083392K
  class space    used 4904K, capacity 5561K, committed 5632K, reserved 1048576K
}
Event: 223.226 GC heap before
{Heap before GC invocations=8 (full 0):
 garbage-first heap   total 157696K, used 93167K [0x0000000081a00000, 0x0000000100000000)
  region size 1024K, 66 young (67584K), 5 survivors (5120K)
 Metaspace       used 38954K, capacity 40510K, committed 40624K, reserved 1085440K
  class space    used 4967K, capacity 5631K, committed 5632K, reserved 1048576K
}
Event: 223.234 GC heap after
{Heap after GC invocations=9 (full 0):
 garbage-first heap   total 157696K, used 33020K [0x0000000081a00000, 0x0000000100000000)
  region size 1024K, 7 young (7168K), 7 survivors (7168K)
 Metaspace       used 38954K, capacity 40510K, committed 40624K, reserved 1085440K
  class space    used 4967K, capacity 5631K, committed 5632K, reserved 1048576K
}

